<?xml version="1.0" encoding="UTF-8"?>
<testsuite name="com.brangelov.seleniumtests.anotepad.ANotepadLoginPageTests" tests="4" skipped="0" failures="0" errors="0" timestamp="2019-03-16T23:30:42" hostname="BORISLAV-DESCTOP" time="119.636">
  <properties/>
  <testcase name="loginPageLoads" classname="com.brangelov.seleniumtests.anotepad.ANotepadLoginPageTests" time="11.923"/>
  <testcase name="logsInAndLogsOut" classname="com.brangelov.seleniumtests.anotepad.ANotepadLoginPageTests" time="18.618"/>
  <testcase name="loginPageLoads" classname="com.brangelov.seleniumtests.anotepad.ANotepadLoginPageTests" time="12.913"/>
  <testcase name="logsInAndLogsOut" classname="com.brangelov.seleniumtests.anotepad.ANotepadLoginPageTests" time="21.8"/>
  <system-out><![CDATA[2019-03-17 01:30:42.889  INFO 14640 --- [    Test worker] .b.t.c.SpringBootTestContextBootstrapper : Neither @ContextConfiguration nor @ContextHierarchy found for test class [com.brangelov.seleniumtests.anotepad.ANotepadLoginPageTests], using SpringBootContextLoader
2019-03-17 01:30:42.889  INFO 14640 --- [    Test worker] o.s.t.c.support.AbstractContextLoader    : Could not detect default resource locations for test class [com.brangelov.seleniumtests.anotepad.ANotepadLoginPageTests]: no resource found for suffixes {-context.xml, Context.groovy}.
2019-03-17 01:30:42.893  INFO 14640 --- [    Test worker] .b.t.c.SpringBootTestContextBootstrapper : Loaded default TestExecutionListener class names from location [META-INF/spring.factories]: [org.springframework.boot.test.autoconfigure.restdocs.RestDocsTestExecutionListener, org.springframework.boot.test.autoconfigure.web.client.MockRestServiceServerResetTestExecutionListener, org.springframework.boot.test.autoconfigure.web.servlet.MockMvcPrintOnlyOnFailureTestExecutionListener, org.springframework.boot.test.autoconfigure.web.servlet.WebDriverTestExecutionListener, org.springframework.boot.test.mock.mockito.MockitoTestExecutionListener, org.springframework.boot.test.mock.mockito.ResetMocksTestExecutionListener, org.springframework.test.context.web.ServletTestExecutionListener, org.springframework.test.context.support.DirtiesContextBeforeModesTestExecutionListener, org.springframework.test.context.support.DependencyInjectionTestExecutionListener, org.springframework.test.context.support.DirtiesContextTestExecutionListener, org.springframework.test.context.transaction.TransactionalTestExecutionListener, org.springframework.test.context.jdbc.SqlScriptsTestExecutionListener]
2019-03-17 01:30:42.894  INFO 14640 --- [    Test worker] .b.t.c.SpringBootTestContextBootstrapper : Using TestExecutionListeners: [org.springframework.test.context.support.DirtiesContextBeforeModesTestExecutionListener@2ebd7296, org.springframework.boot.test.mock.mockito.MockitoTestExecutionListener@253c481b, org.springframework.boot.test.autoconfigure.SpringBootDependencyInjectionTestExecutionListener@56e4face, org.springframework.test.context.support.DirtiesContextTestExecutionListener@2352d476, org.springframework.boot.test.autoconfigure.restdocs.RestDocsTestExecutionListener@663e2b48, org.springframework.boot.test.autoconfigure.web.client.MockRestServiceServerResetTestExecutionListener@2105db04, org.springframework.boot.test.autoconfigure.web.servlet.MockMvcPrintOnlyOnFailureTestExecutionListener@50467760, org.springframework.boot.test.autoconfigure.web.servlet.WebDriverTestExecutionListener@6582f87a, org.springframework.boot.test.mock.mockito.ResetMocksTestExecutionListener@72f1ebe9]
2019-03-17 01:30:45.089  INFO 14640 --- [ null to remote] o.o.selenium.remote.ProtocolHandshake    : Detected dialect: W3C
2019-03-17 01:30:50.957  INFO 14640 --- [ null to remote] o.o.selenium.remote.ProtocolHandshake    : Detected dialect: OSS
2019-03-17 01:30:57.010  INFO 14640 --- [ null to remote] o.o.selenium.remote.ProtocolHandshake    : Detected dialect: W3C
2019-03-17 01:31:04.810  INFO 14640 --- [ null to remote] o.o.selenium.remote.ProtocolHandshake    : Detected dialect: OSS
2019-03-17 01:32:10.009  INFO 14640 --- [ null to remote] o.o.selenium.remote.ProtocolHandshake    : Detected dialect: W3C
2019-03-17 01:32:16.212  INFO 14640 --- [ null to remote] o.o.selenium.remote.ProtocolHandshake    : Detected dialect: OSS
2019-03-17 01:32:22.920  INFO 14640 --- [ null to remote] o.o.selenium.remote.ProtocolHandshake    : Detected dialect: W3C
2019-03-17 01:32:33.360  INFO 14640 --- [ null to remote] o.o.selenium.remote.ProtocolHandshake    : Detected dialect: OSS
]]></system-out>
  <system-err><![CDATA[1552779043429	mozrunner::runner	INFO	Running command: "C:\\Program Files\\Mozilla Firefox\\firefox.exe" "-marionette" "-foreground" "-no-remote" "-profile" "C:\\Users\\Borislav\\AppData\\Local\\Temp\\rust_mozprofile.4OTEUve83Ozn"
Unable to read VR Path Registry from C:\Users\Borislav\AppData\Local\openvr\openvrpaths.vrpath
1552779043785	Marionette	INFO	Enabled via --marionette
Unable to read VR Path Registry from C:\Users\Borislav\AppData\Local\openvr\openvrpaths.vrpath
Unable to read VR Path Registry from C:\Users\Borislav\AppData\Local\openvr\openvrpaths.vrpath
Unable to read VR Path Registry from C:\Users\Borislav\AppData\Local\openvr\openvrpaths.vrpath
[Parent 15032, Gecko_IOThread] WARNING: pipe error: 109: file z:/build/build/src/ipc/chromium/src/chrome/common/ipc_channel_win.cc, line 346
[Child 16484, Chrome_ChildThread] WARNING: pipe error: 109: file z:/build/build/src/ipc/chromium/src/chrome/common/ipc_channel_win.cc, line 346
[Child 16484, Chrome_ChildThread] WARNING: pipe error:Unable to read VR Path Registry from C:\Users\Borislav\AppData\Local\openvr\openvrpaths.vrpath
1552779044656	Marionette	INFO	Listening on port 55440
1552779045040	Marionette	WARN	TLS certificate errors will be ignored for this session
1552779045078	Marionette	DEBUG	Register listener.js for window 4294967297
1552779045099	Marionette	DEBUG	Received DOM event "beforeunload" for "about:blank"
1552779045633	Marionette	DEBUG	Received DOM event "pagehide" for "about:blank"
1552779045633	Marionette	DEBUG	Received DOM event "unload" for "about:blank"
1552779045920	Marionette	DEBUG	Received DOM event "DOMContentLoaded" for "https://anotepad.com/"
1552779046472	Marionette	DEBUG	Received observer notification "outer-window-destroyed" for "4294967316"
1552779046504	Marionette	DEBUG	Received DOM event "pageshow" for "https://anotepad.com/"
1552779046562	Marionette	DEBUG	Received DOM event "beforeunload" for "https://anotepad.com/"
1552779046703	Marionette	DEBUG	Received DOM event "pagehide" for "https://anotepad.com/"
1552779046710	Marionette	DEBUG	Received DOM event "unload" for "https://anotepad.com/"
1552779046849	Marionette	DEBUG	Received DOM event "DOMContentLoaded" for "https://anotepad.com/create_account"
1552779046852	Marionette	DEBUG	Received observer notification "outer-window-destroyed" for "4294967314"
1552779046852	Marionette	DEBUG	Received observer notification "outer-window-destroyed" for "4294967309"
1552779046853	Marionette	DEBUG	Received observer notification "outer-window-destroyed" for "4294967302"
1552779046853	Marionette	DEBUG	Received observer notification "outer-window-destroyed" for "4294967318"
1552779046853	Marionette	DEBUG	Received observer notification "outer-window-destroyed" for "4294967310"
1552779046854	Marionette	DEBUG	Received observer notification "outer-window-destroyed" for "4294967305"
1552779048313	Marionette	DEBUG	Received DOM event "pageshow" for "https://anotepad.com/create_account"
[Parent 15032, Gecko_IOThread] WARNING: pipe error: 109: file z:/build/build/src/ipc/chromium/src/chrome/common/ipc_channel_win.cc, line 346
[Child 12428, Chrome_ChildThread] WARNING: pipe error: 109: file z:/build/build/src/ipc/chromium/src/chrome/common/ipc_channel_win.cc, line 346
[Child 12428, Chrome_ChildThread] WARNING: pipe err[Child 7600, Chrome_ChildThread] WARNING: pipe error: 109: file z:/build/build/src/ipc/chromium/src/chrome/common/ipc_channel_win.cc, line 346
[Child 7600, Chrome_ChildThread] WARNING: pipe error: 109: file z:/build/build/src/ipc/chromium/src/chrome/common/ipc_channel_win.cc, line 346

###!!! [Child][MessageChannel] Error: (msgtype=0x42000E,name=PHttpChannel::Msg_DeletingChannel) Channel closing: too late to send/recv, messages will be lost


###!!! [Child][MessageChannel] Error: (msgtype=0x42000E,name=PHttpChannel::Msg_DeletingChannel) Channel closing: too late to send/recv, messages will be lost


###!!! [Child][MessageChannel] Error: (msgtype=0x42000E,name=PHttpChannel::Msg_DeletingChannel) Channel closing: too late to send/recv, messages will be lost


###!!! [Child][RunMessage] Error: Channel closing: too late to send/recv, messages will be lost

*** UTM:SVC TimerManager:registerTimer called after profile-before-change notification. Ignoring timer registration for id: telemetry_modules_ping
[GPU 7824, Chrome_ChildThread] WARNING: 
###!!! [Child][MessageChannel::SendAndWait] Error: Channel error: cannot send/recv

Starting ChromeDriver 73.0.3683.68 (47787ec04b6e38e22703e856e101e840b65afe72) on port 46097
Only local connections are allowed.
Please protect ports used by ChromeDriver and related test frameworks to prevent access by malicious code.
1552779055351	mozrunner::runner	INFO	Running command: "C:\\Program Files\\Mozilla Firefox\\firefox.exe" "-marionette" "-foreground" "-no-remote" "-profile" "C:\\Users\\Borislav\\AppData\\Local\\Temp\\rust_mozprofile.2bGzPYUgUeFW"
Unable to read VR Path Registry from C:\Users\Borislav\AppData\Local\openvr\openvrpaths.vrpath
1552779055700	Marionette	INFO	Enabled via --marionette
Unable to read VR Path Registry from C:\Users\Borislav\AppData\Local\openvr\openvrpaths.vrpath
Unable to read VR Path Registry from C:\Users\Borislav\AppData\Local\openvr\openvrpaths.vrpath
Unable to read VR Path Registry from C:\Users\Borislav\AppData\Local\openvr\openvrpaths.vrpath
[Parent 6812, Gecko_IOThread] WARNING: pipe error: 109: file z:/build/build/src/ipc/chromium/src/chrome/common/ipc_channel_win.cc, line 346
Unable to read VR Path Registry from C:\Users\Borislav\AppData\Local\openvr\openvrpaths.vrpath
1552779056529	Marionette	INFO	Listening on port 55566
1552779056962	Marionette	WARN	TLS certificate errors will be ignored for this session
1552779057000	Marionette	DEBUG	Register listener.js for window 4294967297
1552779057021	Marionette	DEBUG	Received DOM event "beforeunload" for "about:blank"
1552779057590	Marionette	DEBUG	Received DOM event "pagehide" for "about:blank"
1552779057590	Marionette	DEBUG	Received DOM event "unload" for "about:blank"
1552779057893	Marionette	DEBUG	Received DOM event "DOMContentLoaded" for "https://anotepad.com/"
1552779058465	Marionette	DEBUG	Received observer notification "outer-window-destroyed" for "4294967315"
1552779058486	Marionette	DEBUG	Received DOM event "pageshow" for "https://anotepad.com/"
1552779058531	Marionette	DEBUG	Received DOM event "beforeunload" for "https://anotepad.com/"
1552779058686	Marionette	DEBUG	Received DOM event "pagehide" for "https://anotepad.com/"
1552779058693	Marionette	DEBUG	Received DOM event "unload" for "https://anotepad.com/"
1552779058815	Marionette	DEBUG	Received DOM event "DOMContentLoaded" for "https://anotepad.com/create_account"
1552779058818	Marionette	DEBUG	Received observer notification "outer-window-destroyed" for "4294967313"
1552779058819	Marionette	DEBUG	Received observer notification "outer-window-destroyed" for "4294967308"
1552779058819	Marionette	DEBUG	Received observer notification "outer-window-destroyed" for "4294967301"
1552779058819	Marionette	DEBUG	Received observer notification "outer-window-destroyed" for "4294967317"
1552779058819	Marionette	DEBUG	Received observer notification "outer-window-destroyed" for "4294967309"
1552779058819	Marionette	DEBUG	Received observer notification "outer-window-destroyed" for "4294967303"
1552779059375	Marionette	DEBUG	Received DOM event "pageshow" for "https://anotepad.com/create_account"
1552779059445	Marionette	DEBUG	Received DOM event "beforeunload" for "https://anotepad.com/create_account"
1552779059611	Marionette	DEBUG	Received DOM event "pagehide" for "https://anotepad.com/create_account"
1552779059620	Marionette	DEBUG	Received DOM event "unload" for "https://anotepad.com/create_account"
1552779059727	Marionette	DEBUG	Received DOM event "DOMContentLoaded" for "https://anotepad.com/create_account"
1552779059728	Marionette	DEBUG	Received observer notification "outer-window-destroyed" for "4294967326"
1552779059728	Marionette	DEBUG	Received observer notification "outer-window-destroyed" for "4294967321"
1552779059728	Marionette	DEBUG	Received observer notification "outer-window-destroyed" for "4294967333"
1552779059728	Marionette	DEBUG	Received observer notification "outer-window-destroyed" for "4294967330"
1552779059729	Marionette	DEBUG	Received observer notification "outer-window-destroyed" for "4294967323"
1552779060117	Marionette	DEBUG	Received DOM event "pageshow" for "https://anotepad.com/create_account"
1552779060242	Marionette	DEBUG	Received DOM event "beforeunload" for "https://anotepad.com/create_account"
1552779060571	Marionette	DEBUG	Received DOM event "pagehide" for "https://anotepad.com/create_account"
1552779060575	Marionette	DEBUG	Received DOM event "unload" for "https://anotepad.com/create_account"
1552779060612	Marionette	DEBUG	Received observer notification "outer-window-destroyed" for "4294967344"
1552779060613	Marionette	DEBUG	Received observer notification "outer-window-destroyed" for "4294967337"
1552779060613	Marionette	DEBUG	Received observer notification "outer-window-destroyed" for "4294967349"
1552779060613	Marionette	DEBUG	Received observer notification "outer-window-destroyed" for "4294967345"
1552779060613	Marionette	DEBUG	Received observer notification "outer-window-destroyed" for "4294967339"
1552779060696	Marionette	DEBUG	Received DOM event "DOMContentLoaded" for "https://anotepad.com/"
1552779061297	Marionette	DEBUG	Received DOM event "pageshow" for "https://anotepad.com/"
1552779061363	Marionette	DEBUG	Received DOM event "beforeunload" for "https://anotepad.com/"
1552779061658	Marionette	DEBUG	Received DOM event "pagehide" for "https://anotepad.com/"
1552779061662	Marionette	DEBUG	Received DOM event "unload" for "https://anotepad.com/"
1552779061704	Marionette	DEBUG	Received observer notification "outer-window-destroyed" for "4294967360"
1552779061704	Marionette	DEBUG	Received observer notification "outer-window-destroyed" for "4294967353"
1552779061704	Marionette	DEBUG	Received observer notification "outer-window-destroyed" for "4294967365"
1552779061704	Marionette	DEBUG	Received observer notification "outer-window-destroyed" for "4294967361"
1552779061705	Marionette	DEBUG	Received observer notification "outer-window-destroyed" for "4294967355"
1552779061769	Marionette	DEBUG	Received DOM event "DOMContentLoaded" for "https://anotepad.com/"
1552779062147	Marionette	DEBUG	Received DOM event "pageshow" for "https://anotepad.com/"
[Child 12884, Chrome_ChildThread] WARNING: pipe error: 109: file z:/build/build/src/ipc/chromium/src/chrome/common/ipc_channel_win.cc, line 346
*** UTM:SVC TimerManager:registerTimer called after profile-before-change notification. Ignoring timer registration for id: telemetry_modules_ping
[Child 12884, Chrome_ChildThread] WARNING: pipe error: 109: file z:/buil[Child 10368, Chrome_ChildThread] WARNING: pipe error: 109: file z:/build/build/src/[GPU 17856, Chrome_ChildThread] WARNING: pipe error: 109: file z:/build/build/src/ipc/chrom
###!!! [Child][MessageChannel::SendAndWait] Error: Channel error: cannot send/recv

Starting ChromeDriver 73.0.3683.68 (47787ec04b6e38e22703e856e101e840b65afe72) on port 6757
Only local connections are allowed.
Please protect ports used by ChromeDriver and related test frameworks to prevent access by malicious code.
1552779128350	mozrunner::runner	INFO	Running command: "C:\\Program Files\\Mozilla Firefox\\firefox.exe" "-marionette" "-foreground" "-no-remote" "-profile" "C:\\Users\\Borislav\\AppData\\Local\\Temp\\rust_mozprofile.KcXE9FTARxzx"
Unable to read VR Path Registry from C:\Users\Borislav\AppData\Local\openvr\openvrpaths.vrpath
1552779128705	Marionette	INFO	Enabled via --marionette
Unable to read VR Path Registry from C:\Users\Borislav\AppData\Local\openvr\openvrpaths.vrpath
Unable to read VR Path Registry from C:\Users\Borislav\AppData\Local\openvr\openvrpaths.vrpath
Unable to read VR Path Registry from C:\Users\Borislav\AppData\Local\openvr\openvrpaths.vrpath
[Child 15008, Chrome_ChildThread] WARNING: pipe error: 109: file z:/build/build/src/ipc/chromium/src/chrome/common/ipc_channel_win.cc, line 346
[Child 15008, Chrome_ChildThread] WAUnable to read VR Path Registry from C:\Users\Borislav\AppData\Local\openvr\openvrpaths.vrpath
1552779129560	Marionette	INFO	Listening on port 56075
1552779129961	Marionette	WARN	TLS certificate errors will be ignored for this session
1552779129998	Marionette	DEBUG	Register listener.js for window 4294967297
1552779130019	Marionette	DEBUG	Received DOM event "beforeunload" for "about:blank"
1552779130627	Marionette	DEBUG	Received DOM event "pagehide" for "about:blank"
1552779130627	Marionette	DEBUG	Received DOM event "unload" for "about:blank"
1552779130886	Marionette	DEBUG	Received DOM event "DOMContentLoaded" for "https://anotepad.com/"
1552779131432	Marionette	DEBUG	Received DOM event "pageshow" for "https://anotepad.com/"
1552779131503	Marionette	DEBUG	Received DOM event "beforeunload" for "https://anotepad.com/"
1552779131661	Marionette	DEBUG	Received DOM event "pagehide" for "https://anotepad.com/"
1552779131663	Marionette	DEBUG	Received DOM event "unload" for "https://anotepad.com/"
1552779131762	Marionette	DEBUG	Received DOM event "DOMContentLoaded" for "https://anotepad.com/create_account"
1552779131808	Marionette	DEBUG	Received observer notification "outer-window-destroyed" for "4294967308"
1552779131808	Marionette	DEBUG	Received observer notification "outer-window-destroyed" for "4294967302"
1552779131808	Marionette	DEBUG	Received observer notification "outer-window-destroyed" for "4294967313"
1552779131808	Marionette	DEBUG	Received observer notification "outer-window-destroyed" for "4294967309"
1552779131808	Marionette	DEBUG	Received observer notification "outer-window-destroyed" for "4294967305"
1552779133575	Marionette	DEBUG	Received DOM event "pageshow" for "https://anotepad.com/create_account"
[Parent 16264, Gecko_IOThread] WARNING: pipe error: 109: file z:/build/build/src/ipc/chromium/src/chrome/common/ipc_channel_win.cc, line 346
[Child 5508, Chrome_ChildThread] WARNING: pipe error: 109: file z:/build/build/src/ipc/chromium/src/chrome/common/ipc_channel_win.cc, line 346
[Child 5508, Chrome_ChildThread] WARNING: pipe error: 109: f
###!!! [Child][MessageChannel] Error: (msgtype=0x42000E,name=PHttpChannel::Msg_DeletingChannel) Channel closing: too late to send/recv, messages will be lost


###!!! [Child][MessageChannel] Error: (msgtype=0x42000E,name=PHttpChannel::Msg_DeletingChannel) Channel closing: too late to send/recv, messages will be lost


###!!! [Child][RunMessage] Error: Channel closing: too late to send/recv, messages will be lost


###!!! [Child][RunMessage] Error: Channel closing: too late to send/recv, messages will be lost


###!!! [Child][RunMessage] Error: Channel closing: too late to send/recv, messages will be lost


###!!! [Child][RunMessage] Error: Channel closing: too late to send/recv, messages will be lost


###!!! [Child][RunMessage] Error: Channel closing: too late to send/recv, messages will be lost


###!!! [Child][RunMessage] Error: Channel closing: too late to send/recv, messages will be lost

*** UTM:SVC TimerManager:registerTimer called after profile-before-change notification. Ignoring timer registration for id: telemetry_modules_ping
[GPU 18248, Chrome_ChildThr
###!!! [Child][MessageChannel::SendAndWait] Error: Channel error: cannot send/recv

Starting ChromeDriver 73.0.3683.68 (47787ec04b6e38e22703e856e101e840b65afe72) on port 44459
Only local connections are allowed.
Please protect ports used by ChromeDriver and related test frameworks to prevent access by malicious code.
1552779141262	mozrunner::runner	INFO	Running command: "C:\\Program Files\\Mozilla Firefox\\firefox.exe" "-marionette" "-foreground" "-no-remote" "-profile" "C:\\Users\\Borislav\\AppData\\Local\\Temp\\rust_mozprofile.KPtl6xRCtqtU"
Unable to read VR Path Registry from C:\Users\Borislav\AppData\Local\openvr\openvrpaths.vrpath
1552779141609	Marionette	INFO	Enabled via --marionette
Unable to read VR Path Registry from C:\Users\Borislav\AppData\Local\openvr\openvrpaths.vrpath
Unable to read VR Path Registry from C:\Users\Borislav\AppData\Local\openvr\openvrpaths.vrpath
Unable to read VR Path Registry from C:\Users\Borislav\AppData\Local\openvr\openvrpaths.vrpath
[Child 11000, Chrome_ChildThread] WARNING: pipe error: 109: file z:/build/build/src/ipc/chromium/src/chrome/common/ipc_channel_win.cc, line 346
[Child 11000, Unable to read VR Path Registry from C:\Users\Borislav\AppData\Local\openvr\openvrpaths.vrpath
1552779142469	Marionette	INFO	Listening on port 56197
1552779142872	Marionette	WARN	TLS certificate errors will be ignored for this session
1552779142909	Marionette	DEBUG	Register listener.js for window 4294967297
1552779142927	Marionette	DEBUG	Received DOM event "beforeunload" for "about:blank"
1552779143460	Marionette	DEBUG	Received DOM event "pagehide" for "about:blank"
1552779143461	Marionette	DEBUG	Received DOM event "unload" for "about:blank"
1552779143913	Marionette	DEBUG	Received DOM event "DOMContentLoaded" for "https://anotepad.com/"
1552779144439	Marionette	DEBUG	Received observer notification "outer-window-destroyed" for "4294967315"
1552779144461	Marionette	DEBUG	Received DOM event "pageshow" for "https://anotepad.com/"
1552779144522	Marionette	DEBUG	Received DOM event "beforeunload" for "https://anotepad.com/"
1552779144666	Marionette	DEBUG	Received DOM event "pagehide" for "https://anotepad.com/"
1552779144670	Marionette	DEBUG	Received DOM event "unload" for "https://anotepad.com/"
1552779144783	Marionette	DEBUG	Received DOM event "DOMContentLoaded" for "https://anotepad.com/create_account"
1552779144812	Marionette	DEBUG	Received observer notification "outer-window-destroyed" for "4294967313"
1552779144812	Marionette	DEBUG	Received observer notification "outer-window-destroyed" for "4294967308"
1552779144813	Marionette	DEBUG	Received observer notification "outer-window-destroyed" for "4294967301"
1552779144813	Marionette	DEBUG	Received observer notification "outer-window-destroyed" for "4294967317"
1552779144813	Marionette	DEBUG	Received observer notification "outer-window-destroyed" for "4294967309"
1552779144813	Marionette	DEBUG	Received observer notification "outer-window-destroyed" for "4294967303"
1552779145998	Marionette	DEBUG	Received DOM event "pageshow" for "https://anotepad.com/create_account"
1552779146113	Marionette	DEBUG	Received DOM event "beforeunload" for "https://anotepad.com/create_account"
1552779146260	Marionette	DEBUG	Received DOM event "pagehide" for "https://anotepad.com/create_account"
1552779146263	Marionette	DEBUG	Received DOM event "unload" for "https://anotepad.com/create_account"
1552779146339	Marionette	DEBUG	Received DOM event "DOMContentLoaded" for "https://anotepad.com/create_account"
1552779146343	Marionette	DEBUG	Received observer notification "outer-window-destroyed" for "4294967333"
1552779146343	Marionette	DEBUG	Received observer notification "outer-window-destroyed" for "4294967334"
1552779146343	Marionette	DEBUG	Received observer notification "outer-window-destroyed" for "4294967338"
1552779146343	Marionette	DEBUG	Received observer notification "outer-window-destroyed" for "4294967328"
1552779146343	Marionette	DEBUG	Received observer notification "outer-window-destroyed" for "4294967321"
1552779146344	Marionette	DEBUG	Received observer notification "outer-window-destroyed" for "4294967340"
1552779146344	Marionette	DEBUG	Received observer notification "outer-window-destroyed" for "4294967330"
1552779146344	Marionette	DEBUG	Received observer notification "outer-window-destroyed" for "4294967323"
1552779147540	Marionette	DEBUG	Received DOM event "pageshow" for "https://anotepad.com/create_account"
1552779147708	Marionette	DEBUG	Received DOM event "beforeunload" for "https://anotepad.com/create_account"
1552779148009	Marionette	DEBUG	Received DOM event "pagehide" for "https://anotepad.com/create_account"
1552779148011	Marionette	DEBUG	Received DOM event "unload" for "https://anotepad.com/create_account"
1552779148052	Marionette	DEBUG	Received observer notification "outer-window-destroyed" for "4294967358"
1552779148052	Marionette	DEBUG	Received observer notification "outer-window-destroyed" for "4294967360"
1552779148052	Marionette	DEBUG	Received observer notification "outer-window-destroyed" for "4294967353"
1552779148053	Marionette	DEBUG	Received observer notification "outer-window-destroyed" for "4294967346"
1552779148053	Marionette	DEBUG	Received observer notification "outer-window-destroyed" for "4294967362"
1552779148053	Marionette	DEBUG	Received observer notification "outer-window-destroyed" for "4294967354"
1552779148053	Marionette	DEBUG	Received observer notification "outer-window-destroyed" for "4294967348"
1552779148141	Marionette	DEBUG	Received DOM event "DOMContentLoaded" for "https://anotepad.com/"
1552779149125	Marionette	DEBUG	Received DOM event "pageshow" for "https://anotepad.com/"
1552779149246	Marionette	DEBUG	Received DOM event "beforeunload" for "https://anotepad.com/"
1552779149515	Marionette	DEBUG	Received DOM event "pagehide" for "https://anotepad.com/"
1552779149518	Marionette	DEBUG	Received DOM event "unload" for "https://anotepad.com/"
1552779149555	Marionette	DEBUG	Received observer notification "outer-window-destroyed" for "4294967380"
1552779149555	Marionette	DEBUG	Received observer notification "outer-window-destroyed" for "4294967382"
1552779149555	Marionette	DEBUG	Received observer notification "outer-window-destroyed" for "4294967375"
1552779149556	Marionette	DEBUG	Received observer notification "outer-window-destroyed" for "4294967368"
1552779149556	Marionette	DEBUG	Received observer notification "outer-window-destroyed" for "4294967384"
1552779149556	Marionette	DEBUG	Received observer notification "outer-window-destroyed" for "4294967376"
1552779149556	Marionette	DEBUG	Received observer notification "outer-window-destroyed" for "4294967370"
1552779149628	Marionette	DEBUG	Received DOM event "DOMContentLoaded" for "https://anotepad.com/"
1552779150607	Marionette	DEBUG	Received DOM event "pageshow" for "https://anotepad.com/"
[Parent 13148, Gecko_IOThread] WARNING: pipe error: 109: file z:/build/build/src/ipc/chromium/src/chrome/common/ipc_channel_win.cc, line 346
[Child 7080, Chrome_ChildThread] WARNING: pipe error: 109: file z:/build/build/src/ipc/chromium/src/chrome/common/ipc_channel_win.cc, line 346
[Child 7080, Chrome_ChildThread] WARNIN[Parent 13148, Gecko_IOThread] WARNING: pipe error: 109: file z:/build/build/src/ipc/chromium/src/chrome/common/ipc_channel_win.cc, line 346
[Child 5524, Chrome_ChildThread] WARNING: pipe error: 109: file z:/build/build/src/ipc/chromium/src/chrome/common/ipc_channel_win.cc, line 346
*** UTM:SVC TimerManager:registerTimer called after profile-before-change notification. Ignoring timer registration for id: telemetry_modules_ping
[Child 5524, Chrome_ChildThread] WARNING: pipe error: 109: file z:/build/build/src/ipc/chromium[GPU 7232, Chrome_Child
###!!! [Child][MessageChannel::SendAndWait] Error: Channel error: cannot send/recv

Starting ChromeDriver 73.0.3683.68 (47787ec04b6e38e22703e856e101e840b65afe72) on port 16664
Only local connections are allowed.
Please protect ports used by ChromeDriver and related test frameworks to prevent access by malicious code.
]]></system-err>
</testsuite>
