<?xml version="1.0" encoding="UTF-8"?>
<testsuite name="com.brangelov.seleniumtests.anotepad.ANotepadSuite" tests="0" skipped="0" failures="0" errors="0" timestamp="1970-01-01T00:00:00" hostname="BORISLAV-DESCTOP" time="0.0">
  <properties/>
  <system-out><![CDATA[2019-03-17 01:31:46.671  INFO 14640 --- [    Test worker] .b.t.c.SpringBootTestContextBootstrapper : Neither @ContextConfiguration nor @ContextHierarchy found for test class [com.brangelov.seleniumtests.anotepad.ANotepadLandingPageTests], using SpringBootContextLoader
2019-03-17 01:31:46.671  INFO 14640 --- [    Test worker] o.s.t.c.support.AbstractContextLoader    : Could not detect default resource locations for test class [com.brangelov.seleniumtests.anotepad.ANotepadLandingPageTests]: no resource found for suffixes {-context.xml, Context.groovy}.
2019-03-17 01:31:46.675  INFO 14640 --- [    Test worker] .b.t.c.SpringBootTestContextBootstrapper : Loaded default TestExecutionListener class names from location [META-INF/spring.factories]: [org.springframework.boot.test.autoconfigure.restdocs.RestDocsTestExecutionListener, org.springframework.boot.test.autoconfigure.web.client.MockRestServiceServerResetTestExecutionListener, org.springframework.boot.test.autoconfigure.web.servlet.MockMvcPrintOnlyOnFailureTestExecutionListener, org.springframework.boot.test.autoconfigure.web.servlet.WebDriverTestExecutionListener, org.springframework.boot.test.mock.mockito.MockitoTestExecutionListener, org.springframework.boot.test.mock.mockito.ResetMocksTestExecutionListener, org.springframework.test.context.web.ServletTestExecutionListener, org.springframework.test.context.support.DirtiesContextBeforeModesTestExecutionListener, org.springframework.test.context.support.DependencyInjectionTestExecutionListener, org.springframework.test.context.support.DirtiesContextTestExecutionListener, org.springframework.test.context.transaction.TransactionalTestExecutionListener, org.springframework.test.context.jdbc.SqlScriptsTestExecutionListener]
2019-03-17 01:31:46.676  INFO 14640 --- [    Test worker] .b.t.c.SpringBootTestContextBootstrapper : Using TestExecutionListeners: [org.springframework.test.context.support.DirtiesContextBeforeModesTestExecutionListener@2919d14f, org.springframework.boot.test.mock.mockito.MockitoTestExecutionListener@37511af3, org.springframework.boot.test.autoconfigure.SpringBootDependencyInjectionTestExecutionListener@151546c2, org.springframework.test.context.support.DirtiesContextTestExecutionListener@98b84e5, org.springframework.boot.test.autoconfigure.restdocs.RestDocsTestExecutionListener@6effbf32, org.springframework.boot.test.autoconfigure.web.client.MockRestServiceServerResetTestExecutionListener@51c6a69c, org.springframework.boot.test.autoconfigure.web.servlet.MockMvcPrintOnlyOnFailureTestExecutionListener@6e5ad930, org.springframework.boot.test.autoconfigure.web.servlet.WebDriverTestExecutionListener@3ba3c4b2, org.springframework.boot.test.mock.mockito.ResetMocksTestExecutionListener@28b6fadb]
2019-03-17 01:31:46.676  INFO 14640 --- [    Test worker] .b.t.c.SpringBootTestContextBootstrapper : Neither @ContextConfiguration nor @ContextHierarchy found for test class [com.brangelov.seleniumtests.anotepad.ANotepadLoginPageTests], using SpringBootContextLoader
2019-03-17 01:31:46.677  INFO 14640 --- [    Test worker] o.s.t.c.support.AbstractContextLoader    : Could not detect default resource locations for test class [com.brangelov.seleniumtests.anotepad.ANotepadLoginPageTests]: no resource found for suffixes {-context.xml, Context.groovy}.
2019-03-17 01:31:46.679  INFO 14640 --- [    Test worker] .b.t.c.SpringBootTestContextBootstrapper : Loaded default TestExecutionListener class names from location [META-INF/spring.factories]: [org.springframework.boot.test.autoconfigure.restdocs.RestDocsTestExecutionListener, org.springframework.boot.test.autoconfigure.web.client.MockRestServiceServerResetTestExecutionListener, org.springframework.boot.test.autoconfigure.web.servlet.MockMvcPrintOnlyOnFailureTestExecutionListener, org.springframework.boot.test.autoconfigure.web.servlet.WebDriverTestExecutionListener, org.springframework.boot.test.mock.mockito.MockitoTestExecutionListener, org.springframework.boot.test.mock.mockito.ResetMocksTestExecutionListener, org.springframework.test.context.web.ServletTestExecutionListener, org.springframework.test.context.support.DirtiesContextBeforeModesTestExecutionListener, org.springframework.test.context.support.DependencyInjectionTestExecutionListener, org.springframework.test.context.support.DirtiesContextTestExecutionListener, org.springframework.test.context.transaction.TransactionalTestExecutionListener, org.springframework.test.context.jdbc.SqlScriptsTestExecutionListener]
2019-03-17 01:31:46.680  INFO 14640 --- [    Test worker] .b.t.c.SpringBootTestContextBootstrapper : Using TestExecutionListeners: [org.springframework.test.context.support.DirtiesContextBeforeModesTestExecutionListener@51a8448d, org.springframework.boot.test.mock.mockito.MockitoTestExecutionListener@4ed70c41, org.springframework.boot.test.autoconfigure.SpringBootDependencyInjectionTestExecutionListener@e11e6f, org.springframework.test.context.support.DirtiesContextTestExecutionListener@28859ad1, org.springframework.boot.test.autoconfigure.restdocs.RestDocsTestExecutionListener@3b1a3f60, org.springframework.boot.test.autoconfigure.web.client.MockRestServiceServerResetTestExecutionListener@4d598946, org.springframework.boot.test.autoconfigure.web.servlet.MockMvcPrintOnlyOnFailureTestExecutionListener@45c3e4e4, org.springframework.boot.test.autoconfigure.web.servlet.WebDriverTestExecutionListener@4194ad9f, org.springframework.boot.test.mock.mockito.ResetMocksTestExecutionListener@2b9f7bf2]
2019-03-17 01:31:46.681  INFO 14640 --- [    Test worker] .b.t.c.SpringBootTestContextBootstrapper : Neither @ContextConfiguration nor @ContextHierarchy found for test class [com.brangelov.seleniumtests.anotepad.ANotepadNoteTests], using SpringBootContextLoader
2019-03-17 01:31:46.681  INFO 14640 --- [    Test worker] o.s.t.c.support.AbstractContextLoader    : Could not detect default resource locations for test class [com.brangelov.seleniumtests.anotepad.ANotepadNoteTests]: no resource found for suffixes {-context.xml, Context.groovy}.
2019-03-17 01:31:46.685  INFO 14640 --- [    Test worker] .b.t.c.SpringBootTestContextBootstrapper : Loaded default TestExecutionListener class names from location [META-INF/spring.factories]: [org.springframework.boot.test.autoconfigure.restdocs.RestDocsTestExecutionListener, org.springframework.boot.test.autoconfigure.web.client.MockRestServiceServerResetTestExecutionListener, org.springframework.boot.test.autoconfigure.web.servlet.MockMvcPrintOnlyOnFailureTestExecutionListener, org.springframework.boot.test.autoconfigure.web.servlet.WebDriverTestExecutionListener, org.springframework.boot.test.mock.mockito.MockitoTestExecutionListener, org.springframework.boot.test.mock.mockito.ResetMocksTestExecutionListener, org.springframework.test.context.web.ServletTestExecutionListener, org.springframework.test.context.support.DirtiesContextBeforeModesTestExecutionListener, org.springframework.test.context.support.DependencyInjectionTestExecutionListener, org.springframework.test.context.support.DirtiesContextTestExecutionListener, org.springframework.test.context.transaction.TransactionalTestExecutionListener, org.springframework.test.context.jdbc.SqlScriptsTestExecutionListener]
2019-03-17 01:31:46.686  INFO 14640 --- [    Test worker] .b.t.c.SpringBootTestContextBootstrapper : Using TestExecutionListeners: [org.springframework.test.context.support.DirtiesContextBeforeModesTestExecutionListener@142f42c3, org.springframework.boot.test.mock.mockito.MockitoTestExecutionListener@443feb5f, org.springframework.boot.test.autoconfigure.SpringBootDependencyInjectionTestExecutionListener@557992, org.springframework.test.context.support.DirtiesContextTestExecutionListener@6f815b1e, org.springframework.boot.test.autoconfigure.restdocs.RestDocsTestExecutionListener@1d62577, org.springframework.boot.test.autoconfigure.web.client.MockRestServiceServerResetTestExecutionListener@3a084301, org.springframework.boot.test.autoconfigure.web.servlet.MockMvcPrintOnlyOnFailureTestExecutionListener@11ba343b, org.springframework.boot.test.autoconfigure.web.servlet.WebDriverTestExecutionListener@7406c4b9, org.springframework.boot.test.mock.mockito.ResetMocksTestExecutionListener@44cbbad3]
]]></system-out>
  <system-err><![CDATA[]]></system-err>
</testsuite>
